 * Serving Flask app 'server' (lazy loading)
 * Environment: production
   WARNING: This is a development server. Do not use it in a production deployment.
   Use a production WSGI server instead.
 * Debug mode: off
 * Running on all addresses.
   WARNING: This is a development server. Do not use it in a production deployment.
 * Running on http://192.168.221.60:5000/ (Press CTRL+C to quit)
127.0.0.1 - - [23/Mar/2026 12:22:32] "GET / HTTP/1.1" 404 -
127.0.0.1 - - [23/Mar/2026 12:23:26] "GET /output.txt HTTP/1.1" 404 -
 * Serving Flask app 'server' (lazy loading)
 * Environment: production
   WARNING: This is a development server. Do not use it in a production deployment.
   Use a production WSGI server instead.
 * Debug mode: off
 * Running on all addresses.
   WARNING: This is a development server. Do not use it in a production deployment.
 * Running on http://192.168.221.60:5000/ (Press CTRL+C to quit)
 * Serving Flask app 'server' (lazy loading)
 * Environment: production
   WARNING: This is a development server. Do not use it in a production deployment.
   Use a production WSGI server instead.
 * Debug mode: off
Traceback (most recent call last):
  File "/home/administrator/testing-/server.py", line 17, in <module>
    app.run(host="0.0.0.0", port=5000)
  File "/usr/lib/python3/dist-packages/flask/app.py", line 922, in run
    run_simple(t.cast(str, host), port, self, **options)
  File "/usr/lib/python3/dist-packages/werkzeug/serving.py", line 1013, in run_simple
    inner()
  File "/usr/lib/python3/dist-packages/werkzeug/serving.py", line 953, in inner
    srv = make_server(
  File "/usr/lib/python3/dist-packages/werkzeug/serving.py", line 782, in make_server
    return ThreadedWSGIServer(
  File "/usr/lib/python3/dist-packages/werkzeug/serving.py", line 688, in __init__
    super().__init__(server_address, handler)  # type: ignore
  File "/usr/lib/python3.10/socketserver.py", line 452, in __init__
    self.server_bind()
  File "/usr/lib/python3.10/http/server.py", line 137, in server_bind
    socketserver.TCPServer.server_bind(self)
  File "/usr/lib/python3.10/socketserver.py", line 466, in server_bind
    self.socket.bind(self.server_address)
OSError: [Errno 98] Address already in use
 * Serving Flask app 'server' (lazy loading)
 * Environment: production
   WARNING: This is a development server. Do not use it in a production deployment.
   Use a production WSGI server instead.
 * Debug mode: off
Traceback (most recent call last):
  File "/home/administrator/testing-/server.py", line 17, in <module>
    app.run(host="0.0.0.0", port=5000)
  File "/usr/lib/python3/dist-packages/flask/app.py", line 922, in run
    run_simple(t.cast(str, host), port, self, **options)
  File "/usr/lib/python3/dist-packages/werkzeug/serving.py", line 1013, in run_simple
    inner()
  File "/usr/lib/python3/dist-packages/werkzeug/serving.py", line 953, in inner
    srv = make_server(
  File "/usr/lib/python3/dist-packages/werkzeug/serving.py", line 782, in make_server
    return ThreadedWSGIServer(
  File "/usr/lib/python3/dist-packages/werkzeug/serving.py", line 688, in __init__
    super().__init__(server_address, handler)  # type: ignore
  File "/usr/lib/python3.10/socketserver.py", line 452, in __init__
    self.server_bind()
  File "/usr/lib/python3.10/http/server.py", line 137, in server_bind
    socketserver.TCPServer.server_bind(self)
  File "/usr/lib/python3.10/socketserver.py", line 466, in server_bind
    self.socket.bind(self.server_address)
OSError: [Errno 98] Address already in use
127.0.0.1 - - [23/Mar/2026 12:25:46] "GET / HTTP/1.1" 404 -
 * Serving Flask app 'server' (lazy loading)
 * Environment: production
   WARNING: This is a development server. Do not use it in a production deployment.
   Use a production WSGI server instead.
 * Debug mode: off
 * Running on all addresses.
   WARNING: This is a development server. Do not use it in a production deployment.
 * Running on http://192.168.221.60:6000/ (Press CTRL+C to quit)
